0 info it worked if it ends with ok
1 verbose cli [ '/usr/local/bin/node', '/usr/local/bin/npm', 'start', 'dev' ]
2 info using npm@3.8.3
3 info using node@v5.5.0
4 verbose run-script [ 'prestart', 'start', 'poststart' ]
5 info lifecycle saas@~prestart: saas@
6 silly lifecycle saas@~prestart: no script for prestart, continuing
7 info lifecycle saas@~start: saas@
8 verbose lifecycle saas@~start: unsafe-perm in lifecycle true
9 verbose lifecycle saas@~start: PATH: /usr/local/lib/node_modules/npm/bin/node-gyp-bin:/Users/joshuaslate/Dev/my-tutorials/saas-tutorial/node_modules/.bin:/usr/local/bin:/usr/local/bin:/usr/bin:/bin:/usr/sbin:/sbin
10 verbose lifecycle saas@~start: CWD: /Users/joshuaslate/Dev/my-tutorials/saas-tutorial
11 silly lifecycle saas@~start: Args: [ '-c', 'node server.js "dev"' ]
12 silly lifecycle saas@~start: Returned: code: 1  signal: null
13 info lifecycle saas@~start: Failed to exec start script
14 verbose stack Error: saas@ start: `node server.js "dev"`
14 verbose stack Exit status 1
14 verbose stack     at EventEmitter.<anonymous> (/usr/local/lib/node_modules/npm/lib/utils/lifecycle.js:239:16)
14 verbose stack     at emitTwo (events.js:100:13)
14 verbose stack     at EventEmitter.emit (events.js:185:7)
14 verbose stack     at ChildProcess.<anonymous> (/usr/local/lib/node_modules/npm/lib/utils/spawn.js:24:14)
14 verbose stack     at emitTwo (events.js:100:13)
14 verbose stack     at ChildProcess.emit (events.js:185:7)
14 verbose stack     at maybeClose (internal/child_process.js:821:16)
14 verbose stack     at Process.ChildProcess._handle.onexit (internal/child_process.js:211:5)
15 verbose pkgid saas@
16 verbose cwd /Users/joshuaslate/Dev/my-tutorials/saas-tutorial
17 error Darwin 15.3.0
18 error argv "/usr/local/bin/node" "/usr/local/bin/npm" "start" "dev"
19 error node v5.5.0
20 error npm  v3.8.3
21 error code ELIFECYCLE
22 error saas@ start: `node server.js "dev"`
22 error Exit status 1
23 error Failed at the saas@ start script 'node server.js "dev"'.
23 error Make sure you have the latest version of node.js and npm installed.
23 error If you do, this is most likely a problem with the saas package,
23 error not with npm itself.
23 error Tell the author that this fails on your system:
23 error     node server.js "dev"
23 error You can get information on how to open an issue for this project with:
23 error     npm bugs saas
23 error Or if that isn't available, you can get their info via:
23 error     npm owner ls saas
23 error There is likely additional logging output above.
24 verbose exit [ 1, true ]
